#! /usr/local/Cellar/icarus-verilog/10.2_1/bin/vvp
:ivl_version "10.2 (stable)" "(v10_2)";
:ivl_delay_selection "TYPICAL";
:vpi_time_precision + 0;
:vpi_module "system";
:vpi_module "vhdl_sys";
:vpi_module "v2005_math";
:vpi_module "va_math";
S_0x7fae8fc054b0 .scope module, "Add_half" "Add_half" 2 6;
 .timescale 0 0;
    .port_info 0 /INPUT 1 "a"
    .port_info 1 /INPUT 1 "b"
    .port_info 2 /OUTPUT 1 "c_out"
    .port_info 3 /OUTPUT 1 "sum"
o0x10af65008 .functor BUFZ 1, C4<z>; HiZ drive
o0x10af65038 .functor BUFZ 1, C4<z>; HiZ drive
L_0x7fae8fc15790 .functor XOR 1, o0x10af65008, o0x10af65038, C4<0>, C4<0>;
L_0x7fae8fc15860 .functor AND 1, o0x10af65008, o0x10af65038, C4<1>, C4<1>;
v0x7fae8fc05610_0 .net "a", 0 0, o0x10af65008;  0 drivers
v0x7fae8fc15560_0 .net "b", 0 0, o0x10af65038;  0 drivers
v0x7fae8fc15600_0 .net "c_out", 0 0, L_0x7fae8fc15860;  1 drivers
v0x7fae8fc15690_0 .net "sum", 0 0, L_0x7fae8fc15790;  1 drivers
# The file index is used to find the file name in the following table.
:file_names 3;
    "N/A";
    "<interactive>";
    "hw2.vl";
